<?xml version="1.0" encoding="UTF-8"?>
<coverage generated="1723112260465" clover="3.2.0">
  <project timestamp="1723112260465" name="All files">
    <metrics statements="22" coveredstatements="22" conditionals="1" coveredconditionals="1" methods="2" coveredmethods="1" elements="25" coveredelements="24" complexity="0" loc="22" ncloc="22" packages="1" files="1" classes="1"/>
    <file name="DataForm.tsx" path="E:\MERN\Jest\query_criteria_vitest\src\components\DataForm.tsx">
      <metrics statements="22" coveredstatements="22" conditionals="1" coveredconditionals="1" methods="2" coveredmethods="1"/>
      <line num="1" count="1" type="stmt"/>
      <line num="3" count="1" type="cond" truecount="1" falsecount="0"/>
      <line num="4" count="1" type="stmt"/>
      <line num="5" count="1" type="stmt"/>
      <line num="6" count="1" type="stmt"/>
      <line num="7" count="1" type="stmt"/>
      <line num="9" count="1" type="stmt"/>
      <line num="10" count="1" type="stmt"/>
      <line num="11" count="1" type="stmt"/>
      <line num="13" count="1" type="stmt"/>
      <line num="14" count="1" type="stmt"/>
      <line num="15" count="1" type="stmt"/>
      <line num="16" count="1" type="stmt"/>
      <line num="17" count="1" type="stmt"/>
      <line num="18" count="1" type="stmt"/>
      <line num="19" count="1" type="stmt"/>
      <line num="21" count="1" type="stmt"/>
      <line num="22" count="1" type="stmt"/>
      <line num="24" count="1" type="stmt"/>
      <line num="28" count="1" type="stmt"/>
      <line num="30" count="1" type="stmt"/>
      <line num="32" count="1" type="stmt"/>
    </file>
  </project>
</coverage>
